<?xml version="1.0" encoding="UTF-8"?>
<!-- Generated by org.testng.reporters.JUnitReportReporter -->
<testsuite skipped="0" hostname="LAPTOP-MHBSPLVF" name="taxbuddyApiTest.SmeManagementApiTest" tests="1" failures="0" timestamp="2023-04-13T15:26:55 IST" time="6.005" errors="0">
  <testcase name="ReAssignedSmeTest" time="6.005" classname="taxbuddyApiTest.SmeManagementApiTest"/>
  <system-out/>
</testsuite> <!-- taxbuddyApiTest.SmeManagementApiTest -->
