<?xml version="1.0" encoding="UTF-8"?>
<!-- Generated by org.testng.reporters.JUnitReportReporter -->
<testsuite skipped="0" hostname="LAPTOP-MHBSPLVF" name="taxbuddyApiTest.SmeManagementApiTest" tests="1" failures="0" timestamp="2023-08-03T17:00:33 IST" time="5.440" errors="0">
  <testcase name="SmeManagementAssignedSmeTest" time="5.440" classname="taxbuddyApiTest.SmeManagementApiTest"/>
  <system-out/>
</testsuite> <!-- taxbuddyApiTest.SmeManagementApiTest -->
