<?xml version="1.0" encoding="UTF-8"?>
<!-- Generated by org.testng.reporters.JUnitReportReporter -->
<testsuite skipped="0" hostname="LAPTOP-MHBSPLVF" name="newDevAssignementApi.MultipleUsersTest" tests="2" failures="0" timestamp="2023-03-14T13:34:12 IST" time="8.269" errors="0">
  <testcase name="verifyMultilpleusersTest" time="1.114" classname="newDevAssignementApi.MultipleUsersTest"/>
  <system-out/>
  <testcase name="verifyMultilpleusersTest" time="7.155" classname="newDevAssignementApi.MultipleUsersTest"/>
  <system-out/>
</testsuite> <!-- newDevAssignementApi.MultipleUsersTest -->
