<?xml version="1.0" encoding="UTF-8"?>
<!-- Generated by org.testng.reporters.JUnitReportReporter -->
<testsuite skipped="0" hostname="LAPTOP-MHBSPLVF" name="taxbuddyApiTest.BOUserITRStatusTest" tests="1" failures="0" timestamp="2023-04-18T18:57:42 IST" time="2.676" errors="0">
  <testcase name="UpdateUserITRStatusTest" time="2.676" classname="taxbuddyApiTest.BOUserITRStatusTest"/>
  <system-out/>
</testsuite> <!-- taxbuddyApiTest.BOUserITRStatusTest -->
