<?xml version="1.0" encoding="UTF-8"?>
<!-- Generated by org.testng.reporters.JUnitReportReporter -->
<testsuite skipped="0" hostname="LAPTOP-MHBSPLVF" name="taxbuddyApiTest.AgentAssignmentTest" tests="3" failures="0" timestamp="2023-03-08T13:56:37 IST" time="12.696" errors="0">
  <testcase name="AgentAssignapiGSTTest" time="7.194" classname="taxbuddyApiTest.AgentAssignmentTest"/>
  <system-out/>
  <testcase name="AgentAssignapiITRTest" time="2.665" classname="taxbuddyApiTest.AgentAssignmentTest"/>
  <system-out/>
  <testcase name="AgentAssignapiNoticeTest" time="2.837" classname="taxbuddyApiTest.AgentAssignmentTest"/>
  <system-out/>
</testsuite> <!-- taxbuddyApiTest.AgentAssignmentTest -->
