<?xml version="1.0" encoding="UTF-8"?>
<!-- Generated by org.testng.reporters.JUnitReportReporter -->
<testsuite skipped="0" hostname="LAPTOP-MHBSPLVF" name="taxbuddyApiTest.UserSubscriptionDetailsTest" tests="1" failures="0" timestamp="2023-08-03T17:00:33 IST" time="0.302" errors="0">
  <testcase name="GetUserSubscriptiinDetailsTest" time="0.302" classname="taxbuddyApiTest.UserSubscriptionDetailsTest"/>
  <system-out/>
</testsuite> <!-- taxbuddyApiTest.UserSubscriptionDetailsTest -->
