<?xml version="1.0" encoding="UTF-8"?>
<!-- Generated by org.testng.reporters.JUnitReportReporter -->
<testsuite hostname="LAPTOP-MHBSPLVF" failures="0" tests="1" name="taxbuddyApiTest.AgentAssignmentTest" time="6.921" errors="0" timestamp="2023-03-02T15:40:29 IST" skipped="0">
  <testcase classname="taxbuddyApiTest.AgentAssignmentTest" name="AgentAssignapiITRTest" time="6.921"/>
  <system-out/>
</testsuite> <!-- taxbuddyApiTest.AgentAssignmentTest -->
