<?xml version="1.0" encoding="UTF-8"?>
<!-- Generated by org.testng.reporters.JUnitReportReporter -->
<testsuite skipped="0" hostname="LAPTOP-MHBSPLVF" name="taxbuddyApiTest.SmeManagementApiTest" tests="1" failures="0" timestamp="2023-05-19T22:16:07 IST" time="1.514" errors="0">
  <testcase name="SmeManagementAssignedSmeTest" time="1.514" classname="taxbuddyApiTest.SmeManagementApiTest"/>
  <system-out/>
</testsuite> <!-- taxbuddyApiTest.SmeManagementApiTest -->
