<?xml version="1.0" encoding="UTF-8"?>
<!-- Generated by org.testng.reporters.JUnitReportReporter -->
<testsuite skipped="0" hostname="LAPTOP-MHBSPLVF" name="taxbuddyApiTest.AgentAssignmentTest" tests="3" failures="0" timestamp="2023-04-21T18:43:27 IST" time="10.104" errors="0">
  <testcase name="AgentAssignapiITRTest" time="0.299" classname="taxbuddyApiTest.AgentAssignmentTest"/>
  <system-out/>
  <testcase name="AgentAssignapiNoticeTest" time="0.790" classname="taxbuddyApiTest.AgentAssignmentTest"/>
  <system-out/>
  <testcase name="AgentAssignapiGSTTest" time="9.015" classname="taxbuddyApiTest.AgentAssignmentTest"/>
  <system-out/>
</testsuite> <!-- taxbuddyApiTest.AgentAssignmentTest -->
