<?xml version="1.0" encoding="UTF-8"?>
<!-- Generated by org.testng.reporters.JUnitReportReporter -->
<testsuite skipped="0" hostname="LAPTOP-MHBSPLVF" name="taxbuddyApiTest.TBLoginApiTest" tests="1" failures="0" timestamp="2023-04-18T20:24:28 IST" time="7.851" errors="0">
  <testcase name="TbUserLoginApiTest" time="7.851" classname="taxbuddyApiTest.TBLoginApiTest"/>
  <system-out/>
</testsuite> <!-- taxbuddyApiTest.TBLoginApiTest -->
