<?xml version="1.0" encoding="UTF-8"?>
<!-- Generated by org.testng.reporters.JUnitReportReporter -->
<testsuite skipped="0" hostname="LAPTOP-MHBSPLVF" name="taxbuddyApiTest.AgentAssignmentTest" tests="3" failures="0" timestamp="2023-05-19T22:16:07 IST" time="10.175" errors="0">
  <testcase name="AgentAssignapiITRTest" time="0.444" classname="taxbuddyApiTest.AgentAssignmentTest"/>
  <system-out/>
  <testcase name="AgentAssignapiGSTTest" time="8.475" classname="taxbuddyApiTest.AgentAssignmentTest"/>
  <system-out/>
  <testcase name="AgentAssignapiNoticeTest" time="1.256" classname="taxbuddyApiTest.AgentAssignmentTest"/>
  <system-out/>
</testsuite> <!-- taxbuddyApiTest.AgentAssignmentTest -->
