<?xml version="1.0" encoding="UTF-8"?>
<!-- Generated by org.testng.reporters.JUnitReportReporter -->
<testsuite hostname="LAPTOP-MHBSPLVF" failures="0" tests="1" name="practiceTaxbbuddyApiTest.ITRUserStatusTest" time="7.568" errors="0" timestamp="2023-03-03T14:38:32 IST" skipped="0">
  <testcase classname="practiceTaxbbuddyApiTest.ITRUserStatusTest" name="userStatusTest" time="7.568"/>
  <system-out/>
</testsuite> <!-- practiceTaxbbuddyApiTest.ITRUserStatusTest -->
