<?xml version="1.0" encoding="UTF-8"?>
<!-- Generated by org.testng.reporters.JUnitReportReporter -->
<testsuite skipped="0" hostname="LAPTOP-MHBSPLVF" name="taxbuddyApiTest.TBLoginApiTest" tests="1" failures="0" timestamp="2023-05-12T17:48:58 IST" time="0.310" errors="0">
  <testcase name="TbUserLoginApiTest" time="0.310" classname="taxbuddyApiTest.TBLoginApiTest"/>
  <system-out/>
</testsuite> <!-- taxbuddyApiTest.TBLoginApiTest -->
