<?xml version="1.0" encoding="UTF-8"?>
<!-- Generated by org.testng.reporters.JUnitReportReporter -->
<testsuite skipped="0" hostname="LAPTOP-MHBSPLVF" name="taxbuddyApiTest.BOGetUserNotesApiTest" tests="1" failures="0" timestamp="2023-04-24T18:27:34 IST" time="5.285" errors="0">
  <testcase name="BackOfficeGetUserNotesDetailsTest" time="5.285" classname="taxbuddyApiTest.BOGetUserNotesApiTest"/>
  <system-out/>
</testsuite> <!-- taxbuddyApiTest.BOGetUserNotesApiTest -->
