<?xml version="1.0" encoding="UTF-8"?>
<!-- Generated by org.testng.reporters.JUnitReportReporter -->
<testsuite skipped="0" hostname="LAPTOP-MHBSPLVF" name="taxbuddyApiTest.AgentAssignmentTest" tests="3" failures="0" timestamp="2023-04-18T14:33:49 IST" time="7.278" errors="0">
  <testcase name="AgentAssignapiITRTest" time="0.827" classname="taxbuddyApiTest.AgentAssignmentTest"/>
  <system-out/>
  <testcase name="AgentAssignapiGSTTest" time="6.175" classname="taxbuddyApiTest.AgentAssignmentTest"/>
  <system-out/>
  <testcase name="AgentAssignapiNoticeTest" time="0.276" classname="taxbuddyApiTest.AgentAssignmentTest"/>
  <system-out/>
</testsuite> <!-- taxbuddyApiTest.AgentAssignmentTest -->
