<?xml version="1.0" encoding="UTF-8"?>
<!-- Generated by org.testng.reporters.JUnitReportReporter -->
<testsuite skipped="0" hostname="LAPTOP-MHBSPLVF" name="taxbuddyApiTest.UserStatusInfoBOApiTest" tests="1" failures="0" timestamp="2023-05-19T22:16:07 IST" time="0.323" errors="0">
  <testcase name="GetUserStatusInfoApiTest" time="0.323" classname="taxbuddyApiTest.UserStatusInfoBOApiTest"/>
  <system-out/>
</testsuite> <!-- taxbuddyApiTest.UserStatusInfoBOApiTest -->
