<?xml version="1.0" encoding="UTF-8"?>
<!-- Generated by org.testng.reporters.JUnitReportReporter -->
<testsuite skipped="0" hostname="LAPTOP-MHBSPLVF" name="taxbuddyApiTest.BOUserITRStatusTest" tests="1" failures="0" timestamp="2023-08-03T17:00:33 IST" time="3.697" errors="0">
  <testcase name="UpdateUserITRStatusTest" time="3.697" classname="taxbuddyApiTest.BOUserITRStatusTest"/>
  <system-out/>
</testsuite> <!-- taxbuddyApiTest.BOUserITRStatusTest -->
