<?xml version="1.0" encoding="UTF-8"?>
<!-- Generated by org.testng.reporters.JUnitReportReporter -->
<testsuite skipped="0" hostname="LAPTOP-MHBSPLVF" name="taxbuddyApiTest.GetUserProfileDetails" tests="1" failures="0" timestamp="2023-04-21T18:35:07 IST" time="4.944" errors="0">
  <testcase name="UserProfileDetailsApiTest" time="4.944" classname="taxbuddyApiTest.GetUserProfileDetails"/>
  <system-out/>
</testsuite> <!-- taxbuddyApiTest.GetUserProfileDetails -->
