<?xml version="1.0" encoding="UTF-8"?>
<!-- Generated by org.testng.reporters.JUnitReportReporter -->
<testsuite skipped="0" hostname="LAPTOP-MHBSPLVF" name="taxbuddyApiTest.BOUserITRStatusTest" tests="1" failures="0" timestamp="2023-05-19T22:16:07 IST" time="0.564" errors="0">
  <testcase name="UpdateUserITRStatusTest" time="0.564" classname="taxbuddyApiTest.BOUserITRStatusTest"/>
  <system-out/>
</testsuite> <!-- taxbuddyApiTest.BOUserITRStatusTest -->
