<?xml version="1.0" encoding="UTF-8"?>
<!-- Generated by org.testng.reporters.JUnitReportReporter -->
<testsuite skipped="0" hostname="LAPTOP-MHBSPLVF" name="taxbuddyApiTest.AgentAssignmentTest" tests="3" failures="0" timestamp="2023-05-12T17:48:58 IST" time="7.840" errors="0">
  <testcase name="AgentAssignapiGSTTest" time="6.374" classname="taxbuddyApiTest.AgentAssignmentTest"/>
  <system-out/>
  <testcase name="AgentAssignapiITRTest" time="0.349" classname="taxbuddyApiTest.AgentAssignmentTest"/>
  <system-out/>
  <testcase name="AgentAssignapiNoticeTest" time="1.117" classname="taxbuddyApiTest.AgentAssignmentTest"/>
  <system-out/>
</testsuite> <!-- taxbuddyApiTest.AgentAssignmentTest -->
