<?xml version="1.0" encoding="UTF-8"?>
<!-- Generated by org.testng.reporters.JUnitReportReporter -->
<testsuite skipped="0" hostname="LAPTOP-MHBSPLVF" name="taxbuddyApiTest.SmeManagementApiTest" tests="1" failures="0" timestamp="2023-04-18T20:01:12 IST" time="8.414" errors="0">
  <testcase name="SmeManagementAssignedSmeTest" time="8.414" classname="taxbuddyApiTest.SmeManagementApiTest"/>
  <system-out/>
</testsuite> <!-- taxbuddyApiTest.SmeManagementApiTest -->
