<?xml version="1.0" encoding="UTF-8"?>
<!-- Generated by org.testng.reporters.JUnitReportReporter -->
<testsuite skipped="0" hostname="LAPTOP-MHBSPLVF" name="taxbuddyApiTest.UserProfileDetailsApiTest" tests="1" failures="0" timestamp="2023-05-29T15:50:08 IST" time="6.230" errors="0">
  <testcase name="GetUserProfileDetailsApiTest" time="6.230" classname="taxbuddyApiTest.UserProfileDetailsApiTest"/>
  <system-out/>
</testsuite> <!-- taxbuddyApiTest.UserProfileDetailsApiTest -->
