<?xml version="1.0" encoding="UTF-8"?>
<!-- Generated by org.testng.reporters.JUnitReportReporter -->
<testsuite hostname="LAPTOP-MHBSPLVF" failures="0" tests="1" name="practiceTaxbbuddyApiTest.UserProfileDetailsTest" time="6.944" errors="0" timestamp="2023-03-03T14:39:22 IST" skipped="0">
  <testcase classname="practiceTaxbbuddyApiTest.UserProfileDetailsTest" name="userDetailsTest" time="6.944"/>
  <system-out/>
</testsuite> <!-- practiceTaxbbuddyApiTest.UserProfileDetailsTest -->
