<?xml version="1.0" encoding="UTF-8"?>
<!-- Generated by org.testng.reporters.JUnitReportReporter -->
<testsuite skipped="0" hostname="LAPTOP-MHBSPLVF" name="taxbuddyApiTest.AgentAssignmentTest" tests="1" failures="0" timestamp="2023-08-03T16:47:19 IST" time="7.789" errors="0">
  <testcase name="AgentAssignapiITRTest" time="7.789" classname="taxbuddyApiTest.AgentAssignmentTest"/>
  <system-out/>
</testsuite> <!-- taxbuddyApiTest.AgentAssignmentTest -->
