<?xml version="1.0" encoding="UTF-8"?>
<!-- Generated by org.testng.reporters.JUnitReportReporter -->
<testsuite skipped="0" hostname="LAPTOP-MHBSPLVF" name="taxbuddyApiTest.UserProfileDetailsApiTest" tests="1" failures="0" timestamp="2023-06-29T21:04:31 IST" time="3.714" errors="0">
  <testcase name="GetUserProfileDetailsApiTest" time="3.714" classname="taxbuddyApiTest.UserProfileDetailsApiTest"/>
  <system-out/>
</testsuite> <!-- taxbuddyApiTest.UserProfileDetailsApiTest -->
