<?xml version="1.0" encoding="UTF-8"?>
<!-- Generated by org.testng.reporters.JUnitReportReporter -->
<testsuite hostname="LAPTOP-MHBSPLVF" failures="0" tests="1" name="newDevAssignementApi.NewAgentAssignment" time="3.297" errors="0" timestamp="2023-03-02T16:37:41 IST" skipped="0">
  <testcase classname="newDevAssignementApi.NewAgentAssignment" name="DevAgentAssignementNOTICETest" time="3.297"/>
  <system-out/>
</testsuite> <!-- newDevAssignementApi.NewAgentAssignment -->
