<?xml version="1.0" encoding="UTF-8"?>
<!-- Generated by org.testng.reporters.JUnitReportReporter -->
<testsuite skipped="0" hostname="LAPTOP-MHBSPLVF" name="taxbuddyApiTest.UserProfileDetailsApiTest" tests="1" failures="0" timestamp="2023-08-03T17:00:33 IST" time="0.256" errors="0">
  <testcase name="GetUserProfileDetailsApiTest" time="0.256" classname="taxbuddyApiTest.UserProfileDetailsApiTest"/>
  <system-out/>
</testsuite> <!-- taxbuddyApiTest.UserProfileDetailsApiTest -->
