<?xml version="1.0" encoding="UTF-8"?>
<!-- Generated by org.testng.reporters.JUnitReportReporter -->
<testsuite skipped="0" hostname="LAPTOP-MHBSPLVF" name="taxbuddyApiTest.BO_GetNewUserListApiTest" tests="1" failures="0" timestamp="2023-06-12T17:55:39 IST" time="5.714" errors="0">
  <testcase name="NewUserListBOApiTest" time="5.714" classname="taxbuddyApiTest.BO_GetNewUserListApiTest"/>
  <system-out/>
</testsuite> <!-- taxbuddyApiTest.BO_GetNewUserListApiTest -->
