<?xml version="1.0" encoding="UTF-8"?>
<!-- Generated by org.testng.reporters.JUnitReportReporter -->
<testsuite hostname="LAPTOP-MHBSPLVF" failures="0" tests="3" name="taxbuddyApiTest.SampleAssignmentApiTest" time="4.168" errors="0" timestamp="2023-03-03T13:42:37 IST" skipped="0">
  <testcase classname="taxbuddyApiTest.SampleAssignmentApiTest" name="agentAssignmentGSTTest" time="3.416"/>
  <system-out/>
  <testcase classname="taxbuddyApiTest.SampleAssignmentApiTest" name="agentAssignmentNoticeTest" time="0.339"/>
  <system-out/>
  <testcase classname="taxbuddyApiTest.SampleAssignmentApiTest" name="agentAssignmentITRTest" time="0.413"/>
  <system-out/>
</testsuite> <!-- taxbuddyApiTest.SampleAssignmentApiTest -->
