<?xml version="1.0" encoding="UTF-8"?>
<!-- Generated by org.testng.reporters.JUnitReportReporter -->
<testsuite skipped="0" hostname="LAPTOP-MHBSPLVF" name="taxbuddyApiTest.BOGetSmeDetailsApiTest" tests="1" failures="0" timestamp="2023-04-24T18:35:36 IST" time="6.749" errors="0">
  <testcase name="GetAllSmeDetailsApiTest" time="6.749" classname="taxbuddyApiTest.BOGetSmeDetailsApiTest"/>
  <system-out/>
</testsuite> <!-- taxbuddyApiTest.BOGetSmeDetailsApiTest -->
