<?xml version="1.0" encoding="UTF-8"?>
<!-- Generated by org.testng.reporters.JUnitReportReporter -->
<testsuite skipped="0" hostname="LAPTOP-MHBSPLVF" name="taxbuddyApiTest.SignupNewUserTest" tests="1" failures="0" timestamp="2023-04-21T18:43:27 IST" time="0.337" errors="0">
  <testcase name="createNewuserTest" time="0.337" classname="taxbuddyApiTest.SignupNewUserTest"/>
  <system-out/>
</testsuite> <!-- taxbuddyApiTest.SignupNewUserTest -->
