<?xml version="1.0" encoding="UTF-8"?>
<!-- Generated by org.testng.reporters.JUnitReportReporter -->
<testsuite skipped="0" hostname="LAPTOP-MHBSPLVF" name="taxbuddyApiTest.SignupNewUserTest" tests="1" failures="0" timestamp="2023-05-19T22:16:07 IST" time="0.261" errors="0">
  <testcase name="createNewuserTest" time="0.261" classname="taxbuddyApiTest.SignupNewUserTest"/>
  <system-out/>
</testsuite> <!-- taxbuddyApiTest.SignupNewUserTest -->
