<?xml version="1.0" encoding="UTF-8"?>
<!-- Generated by org.testng.reporters.JUnitReportReporter -->
<testsuite hostname="LAPTOP-MHBSPLVF" failures="0" tests="1" name="crudOperationRest.CreateUserTest" time="8.108" errors="0" timestamp="2023-03-02T14:20:32 IST" skipped="0">
  <testcase classname="crudOperationRest.CreateUserTest" name="createuserTest" time="8.108"/>
  <system-out/>
</testsuite> <!-- crudOperationRest.CreateUserTest -->
